2022-04-25 08:51:29.001002  2022-04-25 08:00 A01-7-Lineok
2022-04-25 08:51:29.069083  2022-04-25 08:00 A01-8-Lineok
2022-04-25 08:51:29.763255  2022-04-25 08:00 A01-11-Lineok
2022-04-25 08:51:30.542589  2022-04-25 08:00 A01-13-Lineok
2022-04-25 08:51:31.776905  2022-04-25 08:00 A01-17-Lineok
2022-04-25 08:51:31.840918  2022-04-25 08:00 A01-5-Lineok
2022-04-25 08:51:32.959814  2022-04-25 08:00 A01-20-Lineok
2022-04-25 08:51:33.680053  2022-04-25 08:00 A01-10-Lineok
2022-04-25 08:51:33.893561  2022-04-25 08:00 A01-15-Lineok
2022-04-25 08:51:34.646333  2022-04-25 08:00 A01-9-Lineok
2022-04-25 08:51:35.392741  2022-04-25 08:00 A01-12-Lineok
2022-04-25 08:51:36.238088  2022-04-25 08:00 A01-16-Lineok
2022-04-25 08:51:36.312265  2022-04-25 08:00 A01-6-Lineok
2022-04-25 08:51:37.595904  2022-04-25 08:00 A01-14-Lineok
2022-04-25 08:52:03.700946  2022-04-25 08:00 A01-8-Lineerror
2022-04-25 08:52:04.425252  2022-04-25 08:00 A01-10-Lineerror
2022-04-25 08:52:05.190909  2022-04-25 08:00 A01-7-Lineerror
2022-04-25 08:52:05.828436  2022-04-25 08:00 A01-13-Lineerror
2022-04-25 08:52:07.095700  2022-04-25 08:00 A01-14-Lineerror
2022-04-25 08:52:07.749134  2022-04-25 08:00 A01-9-Lineerror
2022-04-25 08:52:07.833296  2022-04-25 08:00 A01-5-Lineerror
2022-04-25 08:52:09.013142  2022-04-25 08:00 A01-17-Lineerror
2022-04-25 08:52:09.856036  2022-04-25 08:00 A01-16-Lineerror
2022-04-25 08:52:09.933395  2022-04-25 08:00 A01-6-Lineerror
2022-04-25 08:52:10.714858  2022-04-25 08:00 A01-11-Lineerror
2022-04-25 08:52:10.934907  2022-04-25 08:00 A01-15-Lineerror
2022-04-25 08:52:11.616260  2022-04-25 08:00 A01-12-Lineerror
2022-04-25 08:52:12.708001  2022-04-25 08:00 A01-20-Lineerror
2022-04-25 08:53:30.910312  2022-04-25 08:00 A01-13-Line 获取数据错误
2022-04-25 08:53:30.981779  2022-04-25 08:00 A01-6-Line 获取数据错误
2022-04-25 08:53:31.241654  2022-04-25 08:00 A01-15-Line 获取数据错误
2022-04-25 08:53:32.081607  2022-04-25 08:00 A01-10-Line 获取数据错误
2022-04-25 08:53:33.203510  2022-04-25 08:00 A01-20-Line 获取数据错误
2022-04-25 08:53:34.516774  2022-04-25 08:00 A01-14-Line 获取数据错误
2022-04-25 08:53:35.389244  2022-04-25 08:00 A01-7-Line 获取数据错误
2022-04-25 08:53:35.452169  2022-04-25 08:00 A01-8-Line 获取数据错误
2022-04-25 08:53:36.260202  2022-04-25 08:00 A01-12-Line 获取数据错误
2022-04-25 08:53:37.104860  2022-04-25 08:00 A01-16-Line 获取数据错误
2022-04-25 08:53:37.177158  2022-04-25 08:00 A01-5-Line 获取数据错误
2022-04-25 08:53:38.415818  2022-04-25 08:00 A01-17-Line 获取数据错误
2022-04-25 08:53:39.226366  2022-04-25 08:00 A01-11-Line 获取数据错误
2022-04-25 08:53:40.006305  2022-04-25 08:00 A01-9-Line 获取数据错误
2022-04-25 08:54:06.512553  2022-04-25 08:00 A01-6-Line 数据处理完成
2022-04-25 08:54:07.776958  2022-04-25 08:00 A01-14-Line 数据处理完成
2022-04-25 08:54:08.523216  2022-04-25 08:00 A01-12-Line 数据处理完成
2022-04-25 08:54:09.302457  2022-04-25 08:00 A01-10-Line 数据处理完成
2022-04-25 08:54:09.973808  2022-04-25 08:00 A01-9-Line 数据处理完成
2022-04-25 08:54:11.142955  2022-04-25 08:00 A01-20-Line 数据处理完成
2022-04-25 08:54:11.878728  2022-04-25 08:00 A01-7-Line 数据处理完成
2022-04-25 08:54:12.103616  2022-04-25 08:00 A01-15-Line 数据处理完成
2022-04-25 08:54:12.190245  2022-04-25 08:00 A01-5-Line 数据处理完成
2022-04-25 08:54:13.063993  2022-04-25 08:00 A01-16-Line 数据处理完成
2022-04-25 08:54:13.747449  2022-04-25 08:00 A01-13-Line 数据处理完成
2022-04-25 08:54:14.998799  2022-04-25 08:00 A01-17-Line 数据处理完成
2022-04-25 08:54:15.055480  2022-04-25 08:00 A01-8-Line 数据处理完成
2022-04-25 08:54:15.746448  2022-04-25 08:00 A01-11-Line 数据处理完成
2022-04-25 08:54:50.268991  2022-04-25 08:00 A01-17-Line ok
2022-04-25 08:54:50.330666  2022-04-25 08:00 A01-8-Line ok
2022-04-25 08:54:50.419869  2022-04-25 08:00 A01-5-Line ok
2022-04-25 08:54:50.656200  2022-04-25 08:00 A01-15-Line ok
2022-04-25 08:54:51.376444  2022-04-25 08:00 A01-11-Line ok
2022-04-25 08:54:52.154760  2022-04-25 08:00 A01-12-Line ok
2022-04-25 08:54:53.468667  2022-04-25 08:00 A01-14-Line ok
2022-04-25 08:54:54.310538  2022-04-25 08:00 A01-7-Line ok
2022-04-25 08:54:55.104786  2022-04-25 08:00 A01-9-Line ok
2022-04-25 08:54:56.241596  2022-04-25 08:00 A01-20-Line ok
2022-04-25 08:54:56.312024  2022-04-25 08:00 A01-6-Line ok
2022-04-25 08:54:57.132327  2022-04-25 08:00 A01-10-Line ok
2022-04-25 08:54:57.879542  2022-04-25 08:00 A01-13-Line ok
2022-04-25 08:54:58.708351  2022-04-25 08:00 A01-16-Line ok
2022-04-25 09:08:54.720369  2022-04-25 09:00 A01-7-Line ORA-12541: TNS:no listener
2022-04-25 09:08:55.862428  2022-04-25 09:00 A01-20-Line ORA-12541: TNS:no listener
2022-04-25 09:08:55.941673  2022-04-25 09:00 A01-5-Line ORA-12541: TNS:no listener
2022-04-25 09:08:57.285019  2022-04-25 09:00 A01-17-Line ORA-12541: TNS:no listener
2022-04-25 09:08:57.509880  2022-04-25 09:00 A01-15-Line ORA-12541: TNS:no listener
2022-04-25 09:08:58.311056  2022-04-25 09:00 A01-11-Line ORA-12541: TNS:no listener
2022-04-25 09:08:59.155666  2022-04-25 09:00 A01-16-Line ORA-12541: TNS:no listener
2022-04-25 09:08:59.223437  2022-04-25 09:00 A01-6-Line ORA-12541: TNS:no listener
2022-04-25 09:09:00.046248  2022-04-25 09:00 A01-10-Line ORA-12541: TNS:no listener
2022-04-25 09:09:01.404768  2022-04-25 09:00 A01-14-Line ORA-12541: TNS:no listener
2022-04-25 09:09:02.226043  2022-04-25 09:00 A01-12-Line ORA-12541: TNS:no listener
2022-04-25 09:09:03.023595  2022-04-25 09:00 A01-9-Line ORA-12541: TNS:no listener
2022-04-25 09:09:03.080131  2022-04-25 09:00 A01-8-Line ORA-12541: TNS:no listener
2022-04-25 09:09:03.787601  2022-04-25 09:00 A01-13-Line ORA-12541: TNS:no listener
2022-04-25 09:10:35.014436  2022-04-25 09:00 A01-9-Line expecting a list of dictionaries or sequences
2022-04-25 09:10:35.855728  2022-04-25 09:00 A01-16-Line expecting a list of dictionaries or sequences
2022-04-25 09:10:36.542477  2022-04-25 09:00 A01-11-Line expecting a list of dictionaries or sequences
2022-04-25 09:10:37.821111  2022-04-25 09:00 A01-14-Line expecting a list of dictionaries or sequences
2022-04-25 09:10:38.600475  2022-04-25 09:00 A01-10-Line expecting a list of dictionaries or sequences
2022-04-25 09:10:39.912923  2022-04-25 09:00 A01-12-Line expecting a list of dictionaries or sequences
2022-04-25 09:10:40.182212  2022-04-25 09:00 A01-15-Line expecting a list of dictionaries or sequences
2022-04-25 09:10:41.493811  2022-04-25 09:00 A01-17-Line expecting a list of dictionaries or sequences
2022-04-25 09:10:42.688462  2022-04-25 09:00 A01-20-Line expecting a list of dictionaries or sequences
2022-04-25 09:10:42.803111  2022-04-25 09:00 A01-8-Line expecting a list of dictionaries or sequences
2022-04-25 09:10:42.924932  2022-04-25 09:00 A01-5-Line expecting a list of dictionaries or sequences
2022-04-25 09:10:43.685579  2022-04-25 09:00 A01-7-Line expecting a list of dictionaries or sequences
2022-04-25 09:10:44.398530  2022-04-25 09:00 A01-13-Line expecting a list of dictionaries or sequences
2022-04-25 09:10:44.500686  2022-04-25 09:00 A01-6-Line expecting a list of dictionaries or sequences
2022-04-25 12:44:51.020317  2022-04-25 12:00 A01-8-Line expecting a list of dictionaries or sequences
2022-04-25 12:44:51.736074  2022-04-25 12:00 A01-9-Line expecting a list of dictionaries or sequences
2022-04-25 12:44:52.523766  2022-04-25 12:00 A01-12-Line expecting a list of dictionaries or sequences
2022-04-25 12:44:53.334821  2022-04-25 12:00 A01-10-Line expecting a list of dictionaries or sequences
2022-04-25 12:44:53.460486  2022-04-25 12:00 A01-6-Line expecting a list of dictionaries or sequences
2022-04-25 12:44:54.360188  2022-04-25 12:00 A01-16-Line expecting a list of dictionaries or sequences
2022-04-25 12:44:54.473162  2022-04-25 12:00 A01-5-Line expecting a list of dictionaries or sequences
2022-04-25 12:44:55.328348  2022-04-25 12:00 A01-11-Line expecting a list of dictionaries or sequences
2022-04-25 12:44:56.039446  2022-04-25 12:00 A01-13-Line expecting a list of dictionaries or sequences
2022-04-25 12:44:56.315733  2022-04-25 12:00 A01-15-Line expecting a list of dictionaries or sequences
2022-04-25 12:44:57.683555  2022-04-25 12:00 A01-14-Line expecting a list of dictionaries or sequences
2022-04-25 12:44:58.873976  2022-04-25 12:00 A01-20-Line expecting a list of dictionaries or sequences
2022-04-25 12:44:59.729667  2022-04-25 12:00 A01-7-Line expecting a list of dictionaries or sequences
2022-04-25 12:45:01.008933  2022-04-25 12:00 A01-17-Line expecting a list of dictionaries or sequences
2022-04-25 13:45:03.557600  2022-04-25 13:00 A01-9-Line expecting a list of dictionaries or sequences
2022-04-25 13:45:04.872477  2022-04-25 13:00 A01-17-Line expecting a list of dictionaries or sequences
2022-04-25 13:45:04.966357  2022-04-25 13:00 A01-8-Line expecting a list of dictionaries or sequences
2022-04-25 13:45:05.773851  2022-04-25 13:00 A01-11-Line expecting a list of dictionaries or sequences
2022-04-25 13:45:06.772165  2022-04-25 13:00 A01-16-Line expecting a list of dictionaries or sequences
2022-04-25 13:45:07.559470  2022-04-25 13:00 A01-7-Line expecting a list of dictionaries or sequences
2022-04-25 13:45:07.830393  2022-04-25 13:00 A01-15-Line expecting a list of dictionaries or sequences
2022-04-25 13:45:08.610496  2022-04-25 13:00 A01-12-Line expecting a list of dictionaries or sequences
2022-04-25 13:45:09.992052  2022-04-25 13:00 A01-20-Line expecting a list of dictionaries or sequences
2022-04-25 13:45:10.108785  2022-04-25 13:00 A01-5-Line expecting a list of dictionaries or sequences
2022-04-25 13:45:10.857531  2022-04-25 13:00 A01-13-Line expecting a list of dictionaries or sequences
2022-04-25 13:45:11.688549  2022-04-25 13:00 A01-10-Line expecting a list of dictionaries or sequences
2022-04-25 13:45:13.014254  2022-04-25 13:00 A01-14-Line expecting a list of dictionaries or sequences
2022-04-25 13:45:13.120576  2022-04-25 13:00 A01-6-Line expecting a list of dictionaries or sequences
2022-04-25 14:43:22.547368  2022-04-25 14:00 A01-5-Line expecting a list of dictionaries or sequences
2022-04-25 14:43:23.350424  2022-04-25 14:00 A01-9-Line expecting a list of dictionaries or sequences
2022-04-25 14:43:24.109808  2022-04-25 14:00 A01-13-Line expecting a list of dictionaries or sequences
2022-04-25 14:43:25.342647  2022-04-25 14:00 A01-20-Line expecting a list of dictionaries or sequences
2022-04-25 14:43:26.083742  2022-04-25 14:00 A01-12-Line expecting a list of dictionaries or sequences
2022-04-25 14:43:38.663102  2022-04-25 14:00 A01-7-Line expecting a list of dictionaries or sequences
2022-04-25 14:43:38.913204  2022-04-25 14:00 A01-15-Line expecting a list of dictionaries or sequences
2022-04-25 14:43:39.025390  2022-04-25 14:00 A01-6-Line expecting a list of dictionaries or sequences
2022-04-25 14:43:40.931359  2022-04-25 14:00 A01-9-Line expecting a list of dictionaries or sequences
2022-04-25 14:43:41.630228  2022-04-25 14:00 A01-12-Line expecting a list of dictionaries or sequences
2022-04-25 14:43:42.397094  2022-04-25 14:00 A01-11-Line expecting a list of dictionaries or sequences
2022-04-25 14:43:43.715324  2022-04-25 14:00 A01-17-Line expecting a list of dictionaries or sequences
2022-04-25 14:43:44.879560  2022-04-25 14:00 A01-20-Line expecting a list of dictionaries or sequences
2022-04-25 14:43:46.222688  2022-04-25 14:00 A01-14-Line expecting a list of dictionaries or sequences
2022-04-25 14:43:47.162219  2022-04-25 14:00 A01-16-Line expecting a list of dictionaries or sequences
2022-04-25 14:43:47.261234  2022-04-25 14:00 A01-8-Line expecting a list of dictionaries or sequences
2022-04-25 14:43:48.051519  2022-04-25 14:00 A01-10-Line expecting a list of dictionaries or sequences
2022-04-25 14:43:48.797231  2022-04-25 14:00 A01-13-Line expecting a list of dictionaries or sequences
2022-04-25 14:43:48.906191  2022-04-25 14:00 A01-5-Line expecting a list of dictionaries or sequences
2022-04-25 14:58:16.422836  2022-04-25 14:00 A01-13-Line expecting a list of dictionaries or sequences
2022-04-25 14:58:17.229667  2022-04-25 14:00 A01-7-Line expecting a list of dictionaries or sequences
2022-04-25 14:58:18.121936  2022-04-25 14:00 A01-16-Line expecting a list of dictionaries or sequences
2022-04-25 14:58:18.884202  2022-04-25 14:00 A01-9-Line expecting a list of dictionaries or sequences
2022-04-25 14:58:19.608954  2022-04-25 14:00 A01-12-Line expecting a list of dictionaries or sequences
2022-04-25 14:58:19.699749  2022-04-25 14:00 A01-8-Line expecting a list of dictionaries or sequences
2022-04-25 14:58:20.470251  2022-04-25 14:00 A01-10-Line expecting a list of dictionaries or sequences
2022-04-25 14:58:21.772175  2022-04-25 14:00 A01-14-Line expecting a list of dictionaries or sequences
2022-04-25 14:58:22.931033  2022-04-25 14:00 A01-20-Line expecting a list of dictionaries or sequences
2022-04-25 14:58:23.046908  2022-04-25 14:00 A01-6-Line expecting a list of dictionaries or sequences
2022-04-25 14:58:23.889207  2022-04-25 14:00 A01-11-Line expecting a list of dictionaries or sequences
2022-04-25 14:58:24.019778  2022-04-25 14:00 A01-5-Line expecting a list of dictionaries or sequences
2022-04-25 14:58:24.323989  2022-04-25 14:00 A01-15-Line expecting a list of dictionaries or sequences
2022-04-25 14:58:25.554192  2022-04-25 14:00 A01-17-Line expecting a list of dictionaries or sequences
2022-04-25 15:06:14.795241  2022-04-25 15:00 A01-20-Line expecting a list of dictionaries or sequences
2022-04-25 15:06:15.723055  2022-04-25 15:00 A01-9-Line expecting a list of dictionaries or sequences
2022-04-25 15:06:16.508409  2022-04-25 15:00 A01-12-Line expecting a list of dictionaries or sequences
2022-04-25 15:06:17.347279  2022-04-25 15:00 A01-7-Line expecting a list of dictionaries or sequences
2022-04-25 15:06:18.155937  2022-04-25 15:00 A01-11-Line expecting a list of dictionaries or sequences
2022-04-25 15:06:19.532082  2022-04-25 15:00 A01-14-Line expecting a list of dictionaries or sequences
2022-04-25 15:06:19.651885  2022-04-25 15:00 A01-6-Line expecting a list of dictionaries or sequences
2022-04-25 15:06:19.762399  2022-04-25 15:00 A01-8-Line expecting a list of dictionaries or sequences
2022-04-25 15:06:20.707945  2022-04-25 15:00 A01-16-Line expecting a list of dictionaries or sequences
2022-04-25 15:06:22.200829  2022-04-25 15:00 A01-17-Line expecting a list of dictionaries or sequences
2022-04-25 15:06:22.302723  2022-04-25 15:00 A01-5-Line expecting a list of dictionaries or sequences
2022-04-25 15:06:23.147570  2022-04-25 15:00 A01-10-Line expecting a list of dictionaries or sequences
2022-04-25 15:06:23.897338  2022-04-25 15:00 A01-13-Line expecting a list of dictionaries or sequences
2022-04-25 15:06:24.115875  2022-04-25 15:00 A01-15-Line expecting a list of dictionaries or sequences
2022-04-26 11:07:19.918202  2022-04-26 11:00 A01-9-Line expecting a list of dictionaries or sequences
2022-04-26 11:07:20.745718  2022-04-26 11:00 A01-7-Line expecting a list of dictionaries or sequences
2022-04-26 11:07:21.507281  2022-04-26 11:00 A01-10-Line expecting a list of dictionaries or sequences
2022-04-26 11:07:21.826336  2022-04-26 11:00 A01-15-Line expecting a list of dictionaries or sequences
2022-04-26 11:07:22.665017  2022-04-26 11:00 A01-11-Line expecting a list of dictionaries or sequences
2022-04-26 11:07:22.766404  2022-04-26 11:00 A01-5-Line expecting a list of dictionaries or sequences
2022-04-26 11:07:24.031278  2022-04-26 11:00 A01-17-Line expecting a list of dictionaries or sequences
2022-04-26 11:07:24.810413  2022-04-26 11:00 A01-13-Line expecting a list of dictionaries or sequences
2022-04-26 11:07:26.047431  2022-04-26 11:00 A01-14-Line expecting a list of dictionaries or sequences
2022-04-26 11:07:27.352150  2022-04-26 11:00 A01-20-Line expecting a list of dictionaries or sequences
2022-04-26 11:07:28.370656  2022-04-26 11:00 A01-16-Line expecting a list of dictionaries or sequences
2022-04-26 11:07:28.506793  2022-04-26 11:00 A01-8-Line expecting a list of dictionaries or sequences
2022-04-26 11:07:28.803588  2022-04-26 11:00 A01-6-Line expecting a list of dictionaries or sequences
2022-04-26 11:07:29.586665  2022-04-26 11:00 A01-12-Line expecting a list of dictionaries or sequences
2022-04-26 14:05:57.773242  2022-04-26 14:00 A01-5-Line ORA-01017: 用户名/口令无效; 登录被拒绝
2022-04-26 14:05:59.531486  2022-04-26 14:00 A01-9-Line ORA-01017: 用户名/口令无效; 登录被拒绝
2022-04-26 14:06:01.263370  2022-04-26 14:00 A01-11-Line ORA-01017: 用户名/口令无效; 登录被拒绝
2022-04-26 14:06:02.371246  2022-04-26 14:00 A01-8-Line ORA-01017: 用户名/口令无效; 登录被拒绝
2022-04-26 14:06:03.587487  2022-04-26 14:00 A01-15-Line ORA-01017: 用户名/口令无效; 登录被拒绝
2022-04-26 14:06:05.901457  2022-04-26 14:00 A01-20-Line ORA-01017: 用户名/口令无效; 登录被拒绝
2022-04-26 14:06:07.906163  2022-04-26 14:00 A01-16-Line ORA-01017: 用户名/口令无效; 登录被拒绝
2022-04-26 14:06:09.711751  2022-04-26 14:00 A01-7-Line ORA-01017: 用户名/口令无效; 登录被拒绝
2022-04-26 14:06:11.454912  2022-04-26 14:00 A01-12-Line ORA-01017: 用户名/口令无效; 登录被拒绝
2022-04-26 14:06:13.201943  2022-04-26 14:00 A01-13-Line ORA-01017: 用户名/口令无效; 登录被拒绝
2022-04-26 14:06:14.006038  2022-04-26 14:00 A01-10-Line ORA-28000: 帐户已锁定。
2022-04-26 14:06:15.221286  2022-04-26 14:00 A01-14-Line ORA-28000: 帐户已锁定。
2022-04-26 14:06:16.436105  2022-04-26 14:00 A01-17-Line ORA-28000: 帐户已锁定。
2022-04-26 14:06:16.624230  2022-04-26 14:00 A01-6-Line ORA-28000: 帐户已锁定。
2022-04-26 14:06:31.007537  2022-04-26 14:00 A01-10-Line ORA-28000: 帐户已锁定。
2022-04-26 14:06:31.226147  2022-04-26 14:00 A01-15-Line ORA-28000: 帐户已锁定。
2022-04-26 14:06:32.525010  2022-04-26 14:00 A01-20-Line ORA-28000: 帐户已锁定。
2022-04-26 14:06:33.450877  2022-04-26 14:00 A01-16-Line ORA-28000: 帐户已锁定。
2022-04-26 14:06:34.306766  2022-04-26 14:00 A01-11-Line ORA-28000: 帐户已锁定。
2022-04-26 14:06:35.524739  2022-04-26 14:00 A01-14-Line ORA-28000: 帐户已锁定。
2022-04-26 14:06:36.750571  2022-04-26 14:00 A01-17-Line ORA-28000: 帐户已锁定。
2022-04-26 14:06:37.560909  2022-04-26 14:00 A01-9-Line ORA-28000: 帐户已锁定。
2022-04-26 14:06:37.706385  2022-04-26 14:00 A01-5-Line ORA-28000: 帐户已锁定。
2022-04-26 14:06:38.414838  2022-04-26 14:00 A01-13-Line ORA-28000: 帐户已锁定。
2022-04-26 14:06:38.589221  2022-04-26 14:00 A01-6-Line ORA-28000: 帐户已锁定。
2022-04-26 14:06:39.306600  2022-04-26 14:00 A01-12-Line ORA-28000: 帐户已锁定。
2022-04-26 14:06:40.273390  2022-04-26 14:00 A01-7-Line ORA-28000: 帐户已锁定。
2022-04-26 14:06:40.357877  2022-04-26 14:00 A01-8-Line ORA-28000: 帐户已锁定。
2022-04-26 14:20:34.890130  2022-04-26 14:00 A01-5-Line expecting a list of dictionaries or sequences
2022-04-26 14:20:35.097219  2022-04-26 14:00 A01-6-Line expecting a list of dictionaries or sequences
2022-04-26 14:31:50.227713  2022-04-26 14:00 A01-5-Line expecting a list of dictionaries or sequences
2022-04-26 14:57:35.480893  2022-04-26 14:00 A01-5-Line expecting a list of dictionaries or sequences
2022-04-26 14:57:35.687908  2022-04-26 14:00 A01-6-Line expecting a list of dictionaries or sequences
2022-04-26 15:11:37.742625  2022-04-26 15:00 A01-5-Line expecting a list of dictionaries or sequences
2022-04-26 15:11:37.965247  2022-04-26 15:00 A01-6-Line expecting a list of dictionaries or sequences
2022-04-26 15:12:30.082765  2022-04-26 15:00 A01-5-Line None
2022-04-26 15:12:30.309108  2022-04-26 15:00 A01-6-Line None
2022-04-26 15:23:00.214411  2022-04-26 15:00 A01-5-Line None
2022-04-26 15:23:01.414680  2022-04-26 15:00 A01-6-Line None
2022-04-26 15:23:20.101043  2022-04-26 15:00 A01-5-Line None
2022-04-26 15:23:21.295099  2022-04-26 15:00 A01-6-Line None
2022-04-26 15:23:23.074050  2022-04-26 15:00 A01-10-Line None
2022-04-26 15:23:24.339505  2022-04-26 15:00 A01-15-Line None
2022-04-26 15:23:26.100898  2022-04-26 15:00 A01-13-Line None
2022-04-26 15:23:27.918970  2022-04-26 15:00 A01-7-Line None
2022-04-26 15:23:29.828898  2022-04-26 15:00 A01-16-Line None
2022-04-26 15:23:32.012505  2022-04-26 15:00 A01-17-Line None
2022-04-26 15:23:34.198515  2022-04-26 15:00 A01-14-Line None
2022-04-26 15:23:35.943706  2022-04-26 15:00 A01-12-Line None
2022-04-26 15:23:37.746094  2022-04-26 15:00 A01-9-Line None
2022-04-26 15:23:39.898599  2022-04-26 15:00 A01-20-Line None
2022-04-26 15:23:40.989953  2022-04-26 15:00 A01-8-Line None
2022-04-26 15:23:42.715900  2022-04-26 15:00 A01-11-Line None
2022-04-26 15:24:59.896344  2022-04-26 15:00 A01-12-Line 数据库报错信息:None
2022-04-26 15:25:01.615321  2022-04-26 15:00 A01-13-Line 数据库报错信息:None
2022-04-26 15:25:03.431878  2022-04-26 15:00 A01-7-Line 数据库报错信息:None
2022-04-26 15:25:04.524889  2022-04-26 15:00 A01-8-Line 数据库报错信息:None
2022-04-26 15:25:05.636573  2022-04-26 15:00 A01-5-Line 数据库报错信息:None
2022-04-26 15:25:07.387590  2022-04-26 15:00 A01-9-Line 数据库报错信息:None
2022-04-26 15:25:08.649969  2022-04-26 15:00 A01-15-Line 数据库报错信息:None
2022-04-26 15:25:10.819764  2022-04-26 15:00 A01-20-Line 数据库报错信息:None
2022-04-26 15:25:13.019607  2022-04-26 15:00 A01-14-Line 数据库报错信息:None
2022-04-26 15:25:14.226526  2022-04-26 15:00 A01-6-Line 数据库报错信息:None
2022-04-26 15:25:16.001577  2022-04-26 15:00 A01-11-Line 数据库报错信息:None
2022-04-26 15:25:18.214149  2022-04-26 15:00 A01-17-Line 数据库报错信息:None
2022-04-26 15:25:20.141068  2022-04-26 15:00 A01-16-Line 数据库报错信息:None
2022-04-26 15:25:21.865664  2022-04-26 15:00 A01-10-Line 数据库报错信息:None
2022-04-27 14:02:26.148273  2022-04-27 14:00 A01-10-Line 数据库报错信息:ORA-12170: TNS:Connect timeout occurred
2022-04-27 14:03:27.306808  2022-04-27 14:00 A01-6-Line 数据库报错信息:ORA-12170: TNS:Connect timeout occurred
2022-04-27 14:07:23.499039  2022-04-27 14:00 A01-13-Line 数据库报错信息:None
2022-04-27 14:07:25.783032  2022-04-27 14:00 A01-17-Line 数据库报错信息:None
2022-04-27 14:07:28.134997  2022-04-27 14:00 A01-20-Line 数据库报错信息:None
2022-04-27 14:07:32.031039  2022-04-27 14:00 A01-14-Line 数据库报错信息:None
2022-04-27 14:07:33.345314  2022-04-27 14:00 A01-15-Line 数据库报错信息:None
2022-04-27 14:07:35.153528  2022-04-27 14:00 A01-11-Line 数据库报错信息:None
2022-04-27 14:07:36.244649  2022-04-27 14:00 A01-5-Line 数据库报错信息:None
2022-04-27 14:07:38.224246  2022-04-27 14:00 A01-16-Line 数据库报错信息:None
2022-04-27 14:07:39.921689  2022-04-27 14:00 A01-12-Line 数据库报错信息:None
2022-04-27 14:07:41.623741  2022-04-27 14:00 A01-9-Line 数据库报错信息:None
2022-04-27 14:07:43.371049  2022-04-27 14:00 A01-10-Line 数据库报错信息:None
2022-04-27 14:07:45.258672  2022-04-27 14:00 A01-7-Line 数据库报错信息:None
2022-04-27 14:07:46.342312  2022-04-27 14:00 A01-8-Line 数据库报错信息:None
2022-04-27 14:07:47.440867  2022-04-27 14:00 A01-6-Line 数据库报错信息:None
2022-04-27 14:08:22.755484  2022-04-27 14:00 A01-10-Line 数据库报错信息:None
2022-04-27 14:08:23.650969  2022-04-27 14:00 A01-16-Line 数据库报错信息:None
2022-04-27 14:08:24.947489  2022-04-27 14:00 A01-17-Line 数据库报错信息:None
2022-04-27 14:08:25.773826  2022-04-27 14:00 A01-7-Line 数据库报错信息:None
2022-04-27 14:08:25.846835  2022-04-27 14:00 A01-8-Line 数据库报错信息:None
2022-04-27 14:08:25.956288  2022-04-27 14:00 A01-5-Line 数据库报错信息:None
2022-04-27 14:08:26.611162  2022-04-27 14:00 A01-12-Line 数据库报错信息:None
2022-04-27 14:08:27.394067  2022-04-27 14:00 A01-13-Line 数据库报错信息:None
2022-04-27 14:08:28.175468  2022-04-27 14:00 A01-9-Line 数据库报错信息:None
2022-04-27 14:08:29.327599  2022-04-27 14:00 A01-14-Line 数据库报错信息:None
2022-04-27 14:08:29.662544  2022-04-27 14:00 A01-15-Line 数据库报错信息:None
2022-04-27 14:08:30.932810  2022-04-27 14:00 A01-20-Line 数据库报错信息:None
2022-04-27 14:08:31.777900  2022-04-27 14:00 A01-11-Line 数据库报错信息:None
2022-04-27 14:08:31.887539  2022-04-27 14:00 A01-6-Line 数据库报错信息:None
2022-04-27 14:55:51.666626  2022-04-27 14:00  数据库报错信息:None
2022-04-27 15:01:02.917482  2022-04-27 15:00 A01-17-Line 获取数据OK
2022-04-27 15:01:03.790369  2022-04-27 15:00 A01-7-Line 获取数据OK
2022-04-27 15:01:04.616027  2022-04-27 15:00 A01-16-Line 获取数据OK
2022-04-27 15:01:05.427948  2022-04-27 15:00 A01-10-Line 获取数据OK
2022-04-27 15:01:05.508442  2022-04-27 15:00 A01-5-Line 获取数据OK
2022-04-27 15:01:06.316873  2022-04-27 15:00 A01-11-Line 获取数据OK
2022-04-27 15:01:07.501008  2022-04-27 15:00 A01-20-Line 获取数据OK
2022-04-27 15:01:08.156761  2022-04-27 15:00 A01-13-Line 获取数据OK
2022-04-27 15:01:08.230918  2022-04-27 15:00 A01-8-Line 获取数据OK
2022-04-27 15:01:08.573133  2022-04-27 15:00 A01-15-Line 获取数据OK
2022-04-27 15:01:08.694057  2022-04-27 15:00 A01-6-Line 获取数据OK
2022-04-27 15:01:09.778809  2022-04-27 15:00 A01-14-Line 获取数据OK
2022-04-27 15:01:10.495213  2022-04-27 15:00 A01-12-Line 获取数据OK
2022-04-27 15:01:11.200259  2022-04-27 15:00 A01-9-Line 获取数据OK
2022-04-27 15:01:11.227668  2022-04-27 15:00  数据库报错信息:None
2022-04-27 15:03:02.802862  2022-04-27 15:00 A01-12-Line 获取数据OK
2022-04-27 15:03:03.976116  2022-04-27 15:00 A01-17-Line 获取数据OK
2022-04-27 15:03:04.627089  2022-04-27 15:00 A01-13-Line 获取数据OK
2022-04-27 15:03:05.518028  2022-04-27 15:00 A01-16-Line 获取数据OK
2022-04-27 15:03:05.592140  2022-04-27 15:00 A01-8-Line 获取数据OK
2022-04-27 15:03:06.394207  2022-04-27 15:00 A01-7-Line 获取数据OK
2022-04-27 15:03:07.203538  2022-04-27 15:00 A01-11-Line 获取数据OK
2022-04-27 15:03:08.388069  2022-04-27 15:00 A01-14-Line 获取数据OK
2022-04-27 15:03:08.706555  2022-04-27 15:00 A01-15-Line 获取数据OK
2022-04-27 15:03:09.885145  2022-04-27 15:00 A01-20-Line 获取数据OK
2022-04-27 15:03:09.983940  2022-04-27 15:00 A01-6-Line 获取数据OK
2022-04-27 15:03:10.761084  2022-04-27 15:00 A01-9-Line 获取数据OK
2022-04-27 15:03:11.572599  2022-04-27 15:00 A01-10-Line 获取数据OK
2022-04-27 15:03:11.675312  2022-04-27 15:00 A01-5-Line 获取数据OK
2022-04-27 15:03:11.698810  2022-04-27 15:00  数据库报错信息:None
2022-04-27 15:30:31.109102  2022-04-27 15:00 A01-7-Line 获取数据OK
2022-04-27 15:30:31.442690  2022-04-27 15:00 A01-15-Line 获取数据OK
2022-04-27 15:30:31.530433  2022-04-27 15:00 A01-8-Line 获取数据OK
2022-04-27 15:30:31.658520  2022-04-27 15:00 A01-5-Line 获取数据OK
2022-04-27 15:30:32.512112  2022-04-27 15:00 A01-10-Line 获取数据OK
2022-04-27 15:30:33.385975  2022-04-27 15:00 A01-9-Line 获取数据OK
2022-04-27 15:30:34.165234  2022-04-27 15:00 A01-11-Line 获取数据OK
2022-04-27 15:30:35.399590  2022-04-27 15:00 A01-17-Line 获取数据OK
2022-04-27 15:30:36.613451  2022-04-27 15:00 A01-14-Line 获取数据OK
2022-04-27 15:30:37.392353  2022-04-27 15:00 A01-12-Line 获取数据OK
2022-04-27 15:30:38.703080  2022-04-27 15:00 A01-20-Line 获取数据OK
2022-04-27 15:30:38.799933  2022-04-27 15:00 A01-6-Line 获取数据OK
2022-04-27 15:30:39.718952  2022-04-27 15:00 A01-16-Line 获取数据OK
2022-04-27 15:30:40.439416  2022-04-27 15:00 A01-13-Line 获取数据OK
2022-04-27 15:30:40.464423  2022-04-27 15:00  数据库报错信息:None
