2022-04-27 15:50:44.101581  2022-04-27 15:00 A01-20-Line 获取数据OK
2022-04-27 15:50:44.834445  2022-04-27 15:00 A01-12-Line 获取数据OK
2022-04-27 15:50:45.802608  2022-04-27 15:00 A01-16-Line 获取数据OK
2022-04-27 15:50:46.472311  2022-04-27 15:00 A01-13-Line 获取数据OK
2022-04-27 15:50:47.658573  2022-04-27 15:00 A01-14-Line 获取数据OK
2022-04-27 15:50:47.985763  2022-04-27 15:00 A01-15-Line 获取数据OK
2022-04-27 15:50:48.086672  2022-04-27 15:00 A01-5-Line 获取数据OK
2022-04-27 15:50:49.361402  2022-04-27 15:00 A01-17-Line 获取数据OK
2022-04-27 15:50:50.077761  2022-04-27 15:00 A01-11-Line 获取数据OK
2022-04-27 15:50:50.149091  2022-04-27 15:00 A01-8-Line 获取数据OK
2022-04-27 15:50:50.857727  2022-04-27 15:00 A01-9-Line 获取数据OK
2022-04-27 15:50:50.956314  2022-04-27 15:00 A01-6-Line 获取数据OK
2022-04-27 15:50:51.794208  2022-04-27 15:00 A01-10-Line 获取数据OK
2022-04-27 15:50:52.668937  2022-04-27 15:00 A01-7-Line 获取数据OK
2022-04-27 15:50:52.693712  2022-04-27 15:00  数据库报错信息:None
2022-04-27 15:53:56.543929  2022-04-27 15:00 A01-7-Line 数据库报错信息:ORA-01017: invalid username/password; logon denied
2022-04-27 15:53:58.306330  2022-04-27 15:00 A01-12-Line 数据库报错信息:ORA-01017: invalid username/password; logon denied
2022-04-27 15:54:00.129856  2022-04-27 15:00 A01-16-Line 数据库报错信息:ORA-01017: invalid username/password; logon denied
2022-04-27 15:54:02.468349  2022-04-27 15:00 A01-15-Line 数据库报错信息:ORA-01017: invalid username/password; logon denied
2022-04-27 15:54:06.718439  2022-04-27 15:00 A01-17-Line 数据库报错信息:ORA-01017: invalid username/password; logon denied
2022-04-27 15:54:11.443647  2022-04-27 15:00 A01-13-Line 数据库报错信息:ORA-01017: invalid username/password; logon denied
2022-04-27 15:54:17.189465  2022-04-27 15:00 A01-10-Line 数据库报错信息:ORA-01017: invalid username/password; logon denied
2022-04-27 15:54:23.912281  2022-04-27 15:00 A01-11-Line 数据库报错信息:ORA-01017: invalid username/password; logon denied
2022-04-27 15:54:58.248241  2022-04-27 15:00 A01-16-Line 数据库报错信息:ORA-01017: invalid username/password; logon denied
2022-04-27 15:54:59.004935  2022-04-27 15:00 A01-9-Line 数据库报错信息:ORA-28000: the account is locked
2022-04-27 15:54:59.831622  2022-04-27 15:00 A01-11-Line 数据库报错信息:ORA-28000: the account is locked
2022-04-27 15:55:00.611766  2022-04-27 15:00 A01-10-Line 数据库报错信息:ORA-28000: the account is locked
2022-04-27 15:55:01.373020  2022-04-27 15:00 A01-12-Line 数据库报错信息:ORA-28000: the account is locked
2022-04-27 15:55:02.626530  2022-04-27 15:00 A01-17-Line 数据库报错信息:ORA-28000: the account is locked
2022-04-27 15:55:02.723898  2022-04-27 15:00 A01-5-Line 数据库报错信息:ORA-28000: the account is locked
2022-04-27 15:55:03.448659  2022-04-27 15:00 A01-13-Line 数据库报错信息:ORA-28000: the account is locked
2022-04-27 15:55:03.783130  2022-04-27 15:00 A01-15-Line 数据库报错信息:ORA-28000: the account is locked
2022-04-27 15:55:04.621988  2022-04-27 15:00 A01-7-Line 数据库报错信息:ORA-28000: the account is locked
2022-04-27 15:55:04.704725  2022-04-27 15:00 A01-8-Line 数据库报错信息:ORA-28000: the account is locked
2022-04-27 15:55:07.912765  2022-04-27 15:00 A01-14-Line 数据库报错信息:ORA-28000: the account is locked
2022-04-27 15:55:09.221355  2022-04-27 15:00 A01-20-Line 数据库报错信息:ORA-28000: the account is locked
2022-04-27 15:55:09.331328  2022-04-27 15:00 A01-6-Line 数据库报错信息:ORA-28000: the account is locked
2022-04-27 15:57:37.386261  2022-04-27 15:00 A01-20-Line 数据库报错信息:ORA-01017: invalid username/password; logon denied
2022-04-27 15:57:38.266385  2022-04-27 15:00 A01-16-Line 数据库报错信息:ORA-01017: invalid username/password; logon denied
2022-04-27 15:57:39.389665  2022-04-27 15:00 A01-14-Line 数据库报错信息:ORA-01017: invalid username/password; logon denied
2022-04-27 15:57:39.497069  2022-04-27 15:00 A01-6-Line 数据库报错信息:ORA-01017: invalid username/password; logon denied
2022-04-27 15:57:40.229788  2022-04-27 15:00 A01-13-Line 数据库报错信息:ORA-01017: invalid username/password; logon denied
2022-04-27 15:57:40.559576  2022-04-27 15:00 A01-15-Line 数据库报错信息:ORA-01017: invalid username/password; logon denied
2022-04-27 15:57:41.277966  2022-04-27 15:00 A01-12-Line 数据库报错信息:ORA-01017: invalid username/password; logon denied
2022-04-27 15:57:41.377789  2022-04-27 15:00 A01-5-Line 数据库报错信息:ORA-01017: invalid username/password; logon denied
2022-04-27 15:57:42.201675  2022-04-27 15:00 A01-10-Line 数据库报错信息:ORA-01017: invalid username/password; logon denied
2022-04-27 15:57:43.465753  2022-04-27 15:00 A01-17-Line 数据库报错信息:ORA-01017: invalid username/password; logon denied
2022-04-27 15:57:43.552369  2022-04-27 15:00 A01-8-Line 数据库报错信息:ORA-01017: invalid username/password; logon denied
2022-04-27 15:57:44.242829  2022-04-27 15:00 A01-9-Line 数据库报错信息:ORA-01017: invalid username/password; logon denied
2022-04-27 15:57:45.021514  2022-04-27 15:00 A01-11-Line 数据库报错信息:ORA-01017: invalid username/password; logon denied
2022-04-27 15:57:45.804355  2022-04-27 15:00 A01-7-Line 数据库报错信息:ORA-01017: invalid username/password; logon denied
2022-04-27 15:57:54.885897  2022-04-27 15:00 A01-6-Line 数据库报错信息:ORA-01017: invalid username/password; logon denied
2022-04-27 15:57:55.708767  2022-04-27 15:00 A01-7-Line 数据库报错信息:ORA-01017: invalid username/password; logon denied
2022-04-27 15:57:56.455818  2022-04-27 15:00 A01-13-Line 数据库报错信息:ORA-01017: invalid username/password; logon denied
2022-04-27 15:57:56.769618  2022-04-27 15:00 A01-15-Line 数据库报错信息:ORA-01017: invalid username/password; logon denied
2022-04-27 15:57:58.035466  2022-04-27 15:00 A01-17-Line 数据库报错信息:ORA-01017: invalid username/password; logon denied
2022-04-27 15:57:59.248042  2022-04-27 15:00 A01-20-Line 数据库报错信息:ORA-01017: invalid username/password; logon denied
2022-04-27 15:57:59.996435  2022-04-27 15:00 A01-12-Line 数据库报错信息:ORA-01017: invalid username/password; logon denied
2022-04-27 15:58:01.152325  2022-04-27 15:00 A01-14-Line 数据库报错信息:ORA-01017: invalid username/password; logon denied
2022-04-27 15:58:01.870922  2022-04-27 15:00 A01-11-Line 数据库报错信息:ORA-01017: invalid username/password; logon denied
2022-04-27 15:58:01.975662  2022-04-27 15:00 A01-5-Line 数据库报错信息:ORA-01017: invalid username/password; logon denied
2022-04-27 15:58:02.792443  2022-04-27 15:00 A01-10-Line 数据库报错信息:ORA-01017: invalid username/password; logon denied
2022-04-27 15:58:03.590909  2022-04-27 15:00 A01-9-Line 数据库报错信息:ORA-01017: invalid username/password; logon denied
2022-04-27 15:58:03.673628  2022-04-27 15:00 A01-8-Line 数据库报错信息:ORA-01017: invalid username/password; logon denied
2022-04-27 15:58:04.527426  2022-04-27 15:00 A01-16-Line 数据库报错信息:ORA-01017: invalid username/password; logon denied
2022-04-27 15:58:25.280273  2022-04-27 15:00 A01-13-Line 数据库报错信息:ORA-01017: invalid username/password; logon denied
2022-04-27 15:58:26.457638  2022-04-27 15:00 A01-14-Line 数据库报错信息:ORA-01017: invalid username/password; logon denied
2022-04-27 15:58:26.547434  2022-04-27 15:00 A01-5-Line 数据库报错信息:ORA-01017: invalid username/password; logon denied
2022-04-27 15:58:27.364228  2022-04-27 15:00 A01-11-Line 数据库报错信息:ORA-01017: invalid username/password; logon denied
2022-04-27 15:58:28.649630  2022-04-27 15:00 A01-20-Line 数据库报错信息:ORA-01017: invalid username/password; logon denied
2022-04-27 15:58:31.762911  2022-04-27 15:00 A01-9-Line 数据库报错信息:ORA-01017: invalid username/password; logon denied
2022-04-27 15:58:32.609017  2022-04-27 15:00 A01-7-Line 数据库报错信息:ORA-01017: invalid username/password; logon denied
2022-04-27 15:58:32.692394  2022-04-27 15:00 A01-8-Line 数据库报错信息:ORA-01017: invalid username/password; logon denied
2022-04-27 15:58:33.431012  2022-04-27 15:00 A01-12-Line 数据库报错信息:ORA-01017: invalid username/password; logon denied
2022-04-27 15:58:34.292982  2022-04-27 15:00 A01-10-Line 数据库报错信息:ORA-01017: invalid username/password; logon denied
2022-04-27 15:58:34.414861  2022-04-27 15:00 A01-6-Line 数据库报错信息:ORA-01017: invalid username/password; logon denied
2022-04-27 15:58:34.772086  2022-04-27 15:00 A01-15-Line 数据库报错信息:ORA-01017: invalid username/password; logon denied
2022-04-27 15:58:36.054158  2022-04-27 15:00 A01-17-Line 数据库报错信息:ORA-01017: invalid username/password; logon denied
2022-04-27 15:58:36.975344  2022-04-27 15:00 A01-16-Line 数据库报错信息:ORA-01017: invalid username/password; logon denied
2022-04-27 15:58:52.273546  2022-04-27 15:00 A01-9-Line 数据库报错信息:ORA-00942: table or view does not exist
2022-04-27 15:58:53.105367  2022-04-27 15:00 A01-16-Line 数据库报错信息:ORA-00942: table or view does not exist
2022-04-27 15:58:53.874047  2022-04-27 15:00 A01-11-Line 数据库报错信息:ORA-00942: table or view does not exist
2022-04-27 15:58:54.717054  2022-04-27 15:00 A01-7-Line 数据库报错信息:ORA-00942: table or view does not exist
2022-04-27 15:58:55.867205  2022-04-27 15:00 A01-14-Line 数据库报错信息:ORA-00942: table or view does not exist
2022-04-27 15:58:57.240449  2022-04-27 15:00 A01-20-Line 数据库报错信息:ORA-00942: table or view does not exist
2022-04-27 15:58:57.362892  2022-04-27 15:00 A01-6-Line 数据库报错信息:ORA-00942: table or view does not exist
2022-04-27 15:58:57.485800  2022-04-27 15:00 A01-5-Line 数据库报错信息:ORA-00942: table or view does not exist
2022-04-27 15:58:57.830739  2022-04-27 15:00 A01-15-Line 数据库报错信息:ORA-00942: table or view does not exist
2022-04-27 15:58:59.099257  2022-04-27 15:00 A01-17-Line 数据库报错信息:ORA-00942: table or view does not exist
2022-04-27 15:58:59.797789  2022-04-27 15:00 A01-13-Line 数据库报错信息:ORA-00942: table or view does not exist
2022-04-27 15:58:59.871051  2022-04-27 15:00 A01-8-Line 数据库报错信息:ORA-00942: table or view does not exist
2022-04-27 15:59:00.533246  2022-04-27 15:00 A01-12-Line 数据库报错信息:ORA-00942: table or view does not exist
2022-04-27 15:59:01.253794  2022-04-27 15:00 A01-10-Line 数据库报错信息:ORA-00942: table or view does not exist
2022-04-27 16:02:13.170619  2022-04-27 16:00 A01-14-Line 数据库报错信息:None
2022-04-27 16:02:13.922707  2022-04-27 16:00 A01-11-Line 数据库报错信息:None
2022-04-27 16:02:15.144914  2022-04-27 16:00 A01-17-Line 数据库报错信息:None
2022-04-27 16:02:15.872634  2022-04-27 16:00 A01-12-Line 数据库报错信息:None
2022-04-27 16:02:16.778240  2022-04-27 16:00 A01-16-Line 数据库报错信息:None
2022-04-27 16:02:18.134688  2022-04-27 16:00 A01-20-Line 数据库报错信息:None
2022-04-27 16:02:18.212137  2022-04-27 16:00 A01-8-Line 数据库报错信息:None
2022-04-27 16:02:18.963782  2022-04-27 16:00 A01-9-Line 数据库报错信息:None
2022-04-27 16:02:19.289910  2022-04-27 16:00 A01-15-Line 数据库报错信息:None
2022-04-27 16:02:20.103636  2022-04-27 16:00 A01-10-Line 数据库报错信息:None
2022-04-27 16:02:20.976811  2022-04-27 16:00 A01-7-Line 数据库报错信息:None
2022-04-27 16:02:21.104843  2022-04-27 16:00 A01-6-Line 数据库报错信息:None
2022-04-27 16:02:21.801653  2022-04-27 16:00 A01-13-Line 数据库报错信息:None
2022-04-27 16:02:21.895951  2022-04-27 16:00 A01-5-Line 数据库报错信息:None
2022-04-27 16:03:30.843916  2022-04-27 16:00 A01-11-Line 数据库报错信息:ORA-01017: invalid username/password; logon denied
2022-04-27 16:03:31.582340  2022-04-27 16:00 A01-13-Line 数据库报错信息:ORA-01017: invalid username/password; logon denied
2022-04-27 16:03:31.896027  2022-04-27 16:00 A01-15-Line 数据库报错信息:ORA-01017: invalid username/password; logon denied
2022-04-27 16:03:34.132655  2022-04-27 16:00 A01-17-Line 数据库报错信息:ORA-01017: invalid username/password; logon denied
2022-04-27 16:03:37.388352  2022-04-27 16:00 A01-20-Line 数据库报错信息:ORA-01017: invalid username/password; logon denied
2022-04-27 16:03:41.167247  2022-04-27 16:00 A01-9-Line 数据库报错信息:ORA-01017: invalid username/password; logon denied
2022-04-27 16:03:45.974607  2022-04-27 16:00 A01-10-Line 数据库报错信息:ORA-01017: invalid username/password; logon denied
2022-04-27 16:03:51.054072  2022-04-27 16:00 A01-8-Line 数据库报错信息:ORA-01017: invalid username/password; logon denied
2022-04-27 16:03:58.206010  2022-04-27 16:00 A01-14-Line 数据库报错信息:ORA-01017: invalid username/password; logon denied
2022-04-27 16:04:06.088260  2022-04-27 16:00 A01-16-Line 数据库报错信息:ORA-01017: invalid username/password; logon denied
2022-04-27 16:04:06.746554  2022-04-27 16:00 A01-12-Line 数据库报错信息:ORA-28000: the account is locked
2022-04-27 16:04:07.557351  2022-04-27 16:00 A01-7-Line 数据库报错信息:ORA-28000: the account is locked
2022-04-27 16:04:07.646594  2022-04-27 16:00 A01-5-Line 数据库报错信息:ORA-28000: the account is locked
2022-04-27 16:04:07.795863  2022-04-27 16:00 A01-6-Line 数据库报错信息:ORA-28000: the account is locked
2022-04-28 08:05:17.724126  2022-04-28 08:00 A01-13-Line 数据库报错信息:ORA-28000: the account is locked
2022-04-28 08:05:18.495611  2022-04-28 08:00 A01-12-Line 数据库报错信息:ORA-28000: the account is locked
2022-04-28 08:05:18.570226  2022-04-28 08:00 A01-6-Line 数据库报错信息:ORA-28000: the account is locked
2022-04-28 08:05:19.403064  2022-04-28 08:00 A01-10-Line 数据库报错信息:ORA-28000: the account is locked
2022-04-28 08:05:19.599576  2022-04-28 08:00 A01-15-Line 数据库报错信息:ORA-28000: the account is locked
2022-04-28 08:05:20.447809  2022-04-28 08:00 A01-11-Line 数据库报错信息:ORA-28000: the account is locked
2022-04-28 08:05:21.212223  2022-04-28 08:00 A01-9-Line 数据库报错信息:ORA-28000: the account is locked
2022-04-28 08:05:22.444437  2022-04-28 08:00 A01-14-Line 数据库报错信息:ORA-28000: the account is locked
2022-04-28 08:05:23.209884  2022-04-28 08:00 A01-16-Line 数据库报错信息:ORA-28000: the account is locked
2022-04-28 08:05:24.424978  2022-04-28 08:00 A01-20-Line 数据库报错信息:ORA-28000: the account is locked
2022-04-28 08:05:25.188451  2022-04-28 08:00 A01-7-Line 数据库报错信息:ORA-28000: the account is locked
2022-04-28 08:05:26.502464  2022-04-28 08:00 A01-17-Line 数据库报错信息:ORA-28000: the account is locked
2022-04-28 08:05:26.582959  2022-04-28 08:00 A01-8-Line 数据库报错信息:ORA-28000: the account is locked
2022-04-28 08:05:26.675226  2022-04-28 08:00 A01-5-Line 数据库报错信息:ORA-28000: the account is locked
2022-04-28 08:26:17.723071  2022-04-28 08:00 A01-5-Line 获取数据OK
2022-04-28 08:26:18.496026  2022-04-28 08:00 A01-7-Line 获取数据OK
2022-04-28 08:26:19.746202  2022-04-28 08:00 A01-17-Line 获取数据OK
2022-04-28 08:26:20.491075  2022-04-28 08:00 A01-12-Line 获取数据OK
2022-04-28 08:26:21.257088  2022-04-28 08:00 A01-9-Line 获取数据OK
2022-04-28 08:26:22.084799  2022-04-28 08:00 A01-16-Line 获取数据OK
2022-04-28 08:26:22.150279  2022-04-28 08:00 A01-8-Line 获取数据OK
2022-04-28 08:26:22.365192  2022-04-28 08:00 A01-15-Line 获取数据OK
2022-04-28 08:26:23.520147  2022-04-28 08:00 A01-14-Line 获取数据OK
2022-04-28 08:26:24.189602  2022-04-28 08:00 A01-11-Line 获取数据OK
2022-04-28 08:26:25.296819  2022-04-28 08:00 A01-20-Line 获取数据OK
2022-04-28 08:26:26.030639  2022-04-28 08:00 A01-13-Line 获取数据OK
2022-04-28 08:26:26.108429  2022-04-28 08:00 A01-6-Line 获取数据OK
2022-04-28 08:26:26.811068  2022-04-28 08:00 A01-10-Line 获取数据OK
2022-04-28 08:26:26.844544  2022-04-28 08:00  数据库报错信息:None
2022-04-28 08:26:55.561586  2022-04-28 08:00 A01-7-Line 获取数据错误
2022-04-28 08:26:55.623675  2022-04-28 08:00 A01-5-Line 获取数据错误
2022-04-28 08:26:56.295961  2022-04-28 08:00 A01-9-Line 获取数据错误
2022-04-28 08:26:56.966238  2022-04-28 08:00 A01-11-Line 获取数据错误
2022-04-28 08:26:58.120395  2022-04-28 08:00 A01-20-Line 获取数据错误
2022-04-28 08:26:58.297142  2022-04-28 08:00 A01-15-Line 获取数据错误
2022-04-28 08:26:58.368544  2022-04-28 08:00 A01-6-Line 获取数据错误
2022-04-28 08:26:59.057107  2022-04-28 08:00 A01-10-Line 获取数据错误
2022-04-28 08:26:59.128497  2022-04-28 08:00 A01-8-Line 获取数据错误
2022-04-28 08:27:00.399479  2022-04-28 08:00 A01-17-Line 获取数据错误
2022-04-28 08:27:01.225626  2022-04-28 08:00 A01-16-Line 获取数据错误
2022-04-28 08:27:02.379217  2022-04-28 08:00 A01-14-Line 获取数据错误
2022-04-28 08:27:03.127764  2022-04-28 08:00 A01-12-Line 获取数据错误
2022-04-28 08:27:03.846228  2022-04-28 08:00 A01-13-Line 获取数据错误
2022-04-28 08:27:03.868628  2022-04-28 08:00  数据库报错信息:None
2022-04-28 08:27:44.549245  2022-04-28 08:00 A01-10-Line 获取数据错误
2022-04-28 08:27:44.620936  2022-04-28 08:00 A01-8-Line 获取数据错误
2022-04-28 08:27:44.841428  2022-04-28 08:00 A01-15-Line 获取数据错误
2022-04-28 08:27:45.997066  2022-04-28 08:00 A01-20-Line 获取数据错误
2022-04-28 08:27:46.701302  2022-04-28 08:00 A01-9-Line 获取数据错误
2022-04-28 08:27:46.779089  2022-04-28 08:00 A01-5-Line 获取数据错误
2022-04-28 08:27:47.464288  2022-04-28 08:00 A01-7-Line 获取数据错误
2022-04-28 08:27:48.277160  2022-04-28 08:00 A01-16-Line 获取数据错误
2022-04-28 08:27:49.445553  2022-04-28 08:00 A01-14-Line 获取数据错误
2022-04-28 08:27:50.774339  2022-04-28 08:00 A01-17-Line 获取数据错误
2022-04-28 08:27:51.519645  2022-04-28 08:00 A01-13-Line 获取数据错误
2022-04-28 08:27:52.268478  2022-04-28 08:00 A01-12-Line 获取数据错误
2022-04-28 08:27:52.340721  2022-04-28 08:00 A01-6-Line 获取数据错误
2022-04-28 08:27:53.018117  2022-04-28 08:00 A01-11-Line 获取数据错误
2022-04-28 08:27:53.043298  2022-04-28 08:00  数据库报错信息:None
2022-04-28 08:28:15.581043  2022-04-28 08:00 A01-8-Line 获取数据OK
2022-04-28 08:28:15.669412  2022-04-28 08:00 A01-5-Line 获取数据OK
2022-04-28 08:28:16.386698  2022-04-28 08:00 A01-12-Line 获取数据OK
2022-04-28 08:28:17.151027  2022-04-28 08:00 A01-7-Line 获取数据OK
2022-04-28 08:28:17.213246  2022-04-28 08:00 A01-6-Line 获取数据OK
2022-04-28 08:28:17.417708  2022-04-28 08:00 A01-15-Line 获取数据OK
2022-04-28 08:28:18.120140  2022-04-28 08:00 A01-10-Line 获取数据OK
2022-04-28 08:28:18.946812  2022-04-28 08:00 A01-16-Line 获取数据OK
2022-04-28 08:28:20.100515  2022-04-28 08:00 A01-14-Line 获取数据OK
2022-04-28 08:28:20.848777  2022-04-28 08:00 A01-13-Line 获取数据OK
2022-04-28 08:28:22.069416  2022-04-28 08:00 A01-17-Line 获取数据OK
2022-04-28 08:28:23.251374  2022-04-28 08:00 A01-20-Line 获取数据OK
2022-04-28 08:28:23.923208  2022-04-28 08:00 A01-11-Line 获取数据OK
2022-04-28 08:28:24.689478  2022-04-28 08:00 A01-9-Line 获取数据OK
2022-04-28 08:28:24.716368  2022-04-28 08:00  数据库报错信息:None
